# JRE version: Java(TM) SE Runtime Environment 18.9 (11.0.19+9) (build 11.0.19+9-LTS-224)
# Java VM: Java HotSpot(TM) 64-Bit Server VM 18.9 (11.0.19+9-LTS-224, mixed mode, tiered, compressed oops, g1 gc, windows-amd64)
Heap:
 garbage-first heap   total 122880K, used 92421K [0x0000000701200000, 0x0000000800000000)
  region size 1024K, 15 young (15360K), 1 survivors (1024K)
 Metaspace       used 107754K, capacity 114198K, committed 115072K, reserved 1148928K
  class space    used 12775K, capacity 14932K, committed 15232K, reserved 1048576K
GC Heap History (10 events):
Event: 4014.686 GC heap before
{Heap before GC invocations=1075 (full 28):
 garbage-first heap   total 122880K, used 108634K [0x0000000701200000, 0x0000000800000000)
  region size 1024K, 29 young (29696K), 1 survivors (1024K)
 Metaspace       used 107751K, capacity 114192K, committed 115072K, reserved 1148928K
  class space    used 12774K, capacity 14930K, committed 15232K, reserved 1048576K
}
Event: 4014.687 GC heap after
{Heap after GC invocations=1076 (full 28):
 garbage-first heap   total 122880K, used 80376K [0x0000000701200000, 0x0000000800000000)
  region size 1024K, 1 young (1024K), 1 survivors (1024K)
 Metaspace       used 107751K, capacity 114192K, committed 115072K, reserved 1148928K
  class space    used 12774K, capacity 14930K, committed 15232K, reserved 1048576K
}
Event: 4015.751 GC heap before
{Heap before GC invocations=1076 (full 28):
 garbage-first heap   total 122880K, used 85496K [0x0000000701200000, 0x0000000800000000)
  region size 1024K, 6 young (6144K), 1 survivors (1024K)
 Metaspace       used 107751K, capacity 114192K, committed 115072K, reserved 1148928K
  class space    used 12774K, capacity 14930K, committed 15232K, reserved 1048576K
}
Event: 4015.753 GC heap after
{Heap after GC invocations=1077 (full 28):
 garbage-first heap   total 122880K, used 79082K [0x0000000701200000, 0x0000000800000000)
  region size 1024K, 1 young (1024K), 1 survivors (1024K)
 Metaspace       used 107751K, capacity 114192K, committed 115072K, reserved 1148928K
  class space    used 12774K, capacity 14930K, committed 15232K, reserved 1048576K
}
Event: 4021.751 GC heap before
{Heap before GC invocations=1077 (full 28):
 garbage-first heap   total 122880K, used 108778K [0x0000000701200000, 0x0000000800000000)
  region size 1024K, 30 young (30720K), 1 survivors (1024K)
 Metaspace       used 107751K, capacity 114192K, committed 115072K, reserved 1148928K
  class space    used 12774K, capacity 14930K, committed 15232K, reserved 1048576K
}
Event: 4021.753 GC heap after
{Heap after GC invocations=1078 (full 28):
 garbage-first heap   total 122880K, used 79236K [0x0000000701200000, 0x0000000800000000)
  region size 1024K, 1 young (1024K), 1 survivors (1024K)
 Metaspace       used 107751K, capacity 114192K, committed 115072K, reserved 1148928K
  class space    used 12774K, capacity 14930K, committed 15232K, reserved 1048576K
}
Event: 4027.726 GC heap before
{Heap before GC invocations=1078 (full 28):
 garbage-first heap   total 122880K, used 108932K [0x0000000701200000, 0x0000000800000000)
  region size 1024K, 30 young (30720K), 1 survivors (1024K)
 Metaspace       used 107751K, capacity 114192K, committed 115072K, reserved 1148928K
  class space    used 12774K, capacity 14930K, committed 15232K, reserved 1048576K
}
Event: 4027.726 GC heap after
{Heap after GC invocations=1079 (full 28):
 garbage-first heap   total 122880K, used 79414K [0x0000000701200000, 0x0000000800000000)
  region size 1024K, 1 young (1024K), 1 survivors (1024K)
 Metaspace       used 107751K, capacity 114192K, committed 115072K, reserved 1148928K
  class space    used 12774K, capacity 14930K, committed 15232K, reserved 1048576K
}
Event: 4034.224 GC heap before
{Heap before GC invocations=1079 (full 28):
 garbage-first heap   total 122880K, used 109110K [0x0000000701200000, 0x0000000800000000)
  region size 1024K, 30 young (30720K), 1 survivors (1024K)
 Metaspace       used 107751K, capacity 114192K, committed 115072K, reserved 1148928K
  class space    used 12774K, capacity 14930K, committed 15232K, reserved 1048576K
}
Event: 4034.225 GC heap after
{Heap after GC invocations=1080 (full 28):
 garbage-first heap   total 122880K, used 79109K [0x0000000701200000, 0x0000000800000000)
  region size 1024K, 1 young (1024K), 1 survivors (1024K)
 Metaspace       used 107751K, capacity 114192K, committed 115072K, reserved 1148928K
  class space    used 12774K, capacity 14930K, committed 15232K, reserved 1048576K
}

