# JRE version: Java(TM) SE Runtime Environment 18.9 (11.0.19+9) (build 11.0.19+9-LTS-224)
# Java VM: Java HotSpot(TM) 64-Bit Server VM 18.9 (11.0.19+9-LTS-224, mixed mode, tiered, compressed oops, g1 gc, windows-amd64)
Heap:
 garbage-first heap   total 262144K, used 71157K [0x0000000701200000, 0x0000000800000000)
  region size 1024K, 65 young (66560K), 9 survivors (9216K)
 Metaspace       used 44392K, capacity 45670K, committed 45904K, reserved 1089536K
  class space    used 5226K, capacity 5763K, committed 5888K, reserved 1048576K
GC Heap History (10 events):
Event: 2.715 GC heap before
{Heap before GC invocations=0 (full 0):
 garbage-first heap   total 262144K, used 23552K [0x0000000701200000, 0x0000000800000000)
  region size 1024K, 24 young (24576K), 0 survivors (0K)
 Metaspace       used 12378K, capacity 12786K, committed 13056K, reserved 1060864K
  class space    used 1257K, capacity 1414K, committed 1536K, reserved 1048576K
}
Event: 4.086 GC heap after
{Heap after GC invocations=1 (full 0):
 garbage-first heap   total 262144K, used 6298K [0x0000000701200000, 0x0000000800000000)
  region size 1024K, 3 young (3072K), 3 survivors (3072K)
 Metaspace       used 12378K, capacity 12786K, committed 13056K, reserved 1060864K
  class space    used 1257K, capacity 1414K, committed 1536K, reserved 1048576K
}
Event: 7.528 GC heap before
{Heap before GC invocations=1 (full 0):
 garbage-first heap   total 262144K, used 56474K [0x0000000701200000, 0x0000000800000000)
  region size 1024K, 53 young (54272K), 3 survivors (3072K)
 Metaspace       used 20375K, capacity 21075K, committed 21296K, reserved 1069056K
  class space    used 2291K, capacity 2577K, committed 2688K, reserved 1048576K
}
Event: 7.536 GC heap after
{Heap after GC invocations=2 (full 0):
 garbage-first heap   total 262144K, used 8273K [0x0000000701200000, 0x0000000800000000)
  region size 1024K, 5 young (5120K), 5 survivors (5120K)
 Metaspace       used 20375K, capacity 21075K, committed 21296K, reserved 1069056K
  class space    used 2291K, capacity 2577K, committed 2688K, reserved 1048576K
}
Event: 10.231 GC heap before
{Heap before GC invocations=3 (full 0):
 garbage-first heap   total 262144K, used 59473K [0x0000000701200000, 0x0000000800000000)
  region size 1024K, 55 young (56320K), 5 survivors (5120K)
 Metaspace       used 28131K, capacity 29106K, committed 29232K, reserved 1075200K
  class space    used 3269K, capacity 3666K, committed 3712K, reserved 1048576K
}
Event: 10.238 GC heap after
{Heap after GC invocations=4 (full 0):
 garbage-first heap   total 262144K, used 10673K [0x0000000701200000, 0x0000000800000000)
  region size 1024K, 5 young (5120K), 5 survivors (5120K)
 Metaspace       used 28131K, capacity 29106K, committed 29232K, reserved 1075200K
  class space    used 3269K, capacity 3666K, committed 3712K, reserved 1048576K
}
Event: 13.603 GC heap before
{Heap before GC invocations=4 (full 0):
 garbage-first heap   total 262144K, used 85425K [0x0000000701200000, 0x0000000800000000)
  region size 1024K, 78 young (79872K), 5 survivors (5120K)
 Metaspace       used 33612K, capacity 34679K, committed 34864K, reserved 1079296K
  class space    used 3967K, capacity 4401K, committed 4480K, reserved 1048576K
}
Event: 13.610 GC heap after
{Heap after GC invocations=5 (full 0):
 garbage-first heap   total 262144K, used 13782K [0x0000000701200000, 0x0000000800000000)
  region size 1024K, 8 young (8192K), 8 survivors (8192K)
 Metaspace       used 33612K, capacity 34679K, committed 34864K, reserved 1079296K
  class space    used 3967K, capacity 4401K, committed 4480K, reserved 1048576K
}
Event: 14.294 GC heap before
{Heap before GC invocations=5 (full 0):
 garbage-first heap   total 262144K, used 29142K [0x0000000701200000, 0x0000000800000000)
  region size 1024K, 24 young (24576K), 8 survivors (8192K)
 Metaspace       used 34752K, capacity 35864K, committed 35920K, reserved 1081344K
  class space    used 4123K, capacity 4607K, committed 4608K, reserved 1048576K
}
Event: 14.303 GC heap after
{Heap after GC invocations=6 (full 0):
 garbage-first heap   total 262144K, used 14837K [0x0000000701200000, 0x0000000800000000)
  region size 1024K, 9 young (9216K), 9 survivors (9216K)
 Metaspace       used 34752K, capacity 35864K, committed 35920K, reserved 1081344K
  class space    used 4123K, capacity 4607K, committed 4608K, reserved 1048576K
}

