# JRE version: Java(TM) SE Runtime Environment 18.9 (11.0.19+9) (build 11.0.19+9-LTS-224)
# Java VM: Java HotSpot(TM) 64-Bit Server VM 18.9 (11.0.19+9-LTS-224, mixed mode, tiered, compressed oops, g1 gc, windows-amd64)
Heap:
 garbage-first heap   total 262144K, used 58757K [0x0000000701200000, 0x0000000800000000)
  region size 1024K, 52 young (53248K), 20 survivors (20480K)
 Metaspace       used 51280K, capacity 52836K, committed 53072K, reserved 1095680K
  class space    used 6246K, capacity 6884K, committed 6912K, reserved 1048576K
GC Heap History (10 events):
Event: 6.899 GC heap before
{Heap before GC invocations=1 (full 0):
 garbage-first heap   total 262144K, used 57494K [0x0000000701200000, 0x0000000800000000)
  region size 1024K, 54 young (55296K), 3 survivors (3072K)
 Metaspace       used 20403K, capacity 21134K, committed 21296K, reserved 1069056K
  class space    used 2286K, capacity 2575K, committed 2688K, reserved 1048576K
}
Event: 6.906 GC heap after
{Heap after GC invocations=2 (full 0):
 garbage-first heap   total 262144K, used 8623K [0x0000000701200000, 0x0000000800000000)
  region size 1024K, 6 young (6144K), 6 survivors (6144K)
 Metaspace       used 20403K, capacity 21134K, committed 21296K, reserved 1069056K
  class space    used 2286K, capacity 2575K, committed 2688K, reserved 1048576K
}
Event: 8.755 GC heap before
{Heap before GC invocations=3 (full 0):
 garbage-first heap   total 262144K, used 59823K [0x0000000701200000, 0x0000000800000000)
  region size 1024K, 56 young (57344K), 6 survivors (6144K)
 Metaspace       used 28020K, capacity 28942K, committed 29232K, reserved 1075200K
  class space    used 3263K, capacity 3634K, committed 3712K, reserved 1048576K
}
Event: 8.763 GC heap after
{Heap after GC invocations=4 (full 0):
 garbage-first heap   total 262144K, used 10439K [0x0000000701200000, 0x0000000800000000)
  region size 1024K, 5 young (5120K), 5 survivors (5120K)
 Metaspace       used 28020K, capacity 28942K, committed 29232K, reserved 1075200K
  class space    used 3263K, capacity 3634K, committed 3712K, reserved 1048576K
}
Event: 13.970 GC heap before
{Heap before GC invocations=4 (full 0):
 garbage-first heap   total 262144K, used 84167K [0x0000000701200000, 0x0000000800000000)
  region size 1024K, 77 young (78848K), 5 survivors (5120K)
 Metaspace       used 33534K, capacity 34610K, committed 34864K, reserved 1079296K
  class space    used 3957K, capacity 4400K, committed 4480K, reserved 1048576K
}
Event: 13.978 GC heap after
{Heap after GC invocations=5 (full 0):
 garbage-first heap   total 262144K, used 13478K [0x0000000701200000, 0x0000000800000000)
  region size 1024K, 8 young (8192K), 8 survivors (8192K)
 Metaspace       used 33534K, capacity 34610K, committed 34864K, reserved 1079296K
  class space    used 3957K, capacity 4400K, committed 4480K, reserved 1048576K
}
Event: 14.979 GC heap before
{Heap before GC invocations=5 (full 0):
 garbage-first heap   total 262144K, used 30886K [0x0000000701200000, 0x0000000800000000)
  region size 1024K, 26 young (26624K), 8 survivors (8192K)
 Metaspace       used 34762K, capacity 35867K, committed 35920K, reserved 1081344K
  class space    used 4121K, capacity 4607K, committed 4608K, reserved 1048576K
}
Event: 14.989 GC heap after
{Heap after GC invocations=6 (full 0):
 garbage-first heap   total 262144K, used 14790K [0x0000000701200000, 0x0000000800000000)
  region size 1024K, 9 young (9216K), 9 survivors (9216K)
 Metaspace       used 34762K, capacity 35867K, committed 35920K, reserved 1081344K
  class space    used 4121K, capacity 4607K, committed 4608K, reserved 1048576K
}
Event: 25.801 GC heap before
{Heap before GC invocations=7 (full 0):
 garbage-first heap   total 262144K, used 162246K [0x0000000701200000, 0x0000000800000000)
  region size 1024K, 153 young (156672K), 9 survivors (9216K)
 Metaspace       used 48322K, capacity 49826K, committed 50000K, reserved 1093632K
  class space    used 5721K, capacity 6330K, committed 6400K, reserved 1048576K
}
Event: 25.821 GC heap after
{Heap after GC invocations=8 (full 0):
 garbage-first heap   total 262144K, used 27013K [0x0000000701200000, 0x0000000800000000)
  region size 1024K, 20 young (20480K), 20 survivors (20480K)
 Metaspace       used 48322K, capacity 49826K, committed 50000K, reserved 1093632K
  class space    used 5721K, capacity 6330K, committed 6400K, reserved 1048576K
}

