# JRE version: Java(TM) SE Runtime Environment 18.9 (11.0.19+9) (build 11.0.19+9-LTS-224)
# Java VM: Java HotSpot(TM) 64-Bit Server VM 18.9 (11.0.19+9-LTS-224, mixed mode, tiered, compressed oops, g1 gc, windows-amd64)
Heap:
 garbage-first heap   total 262144K, used 51405K [0x0000000701200000, 0x0000000800000000)
  region size 1024K, 43 young (44032K), 18 survivors (18432K)
 Metaspace       used 51384K, capacity 53077K, committed 53296K, reserved 1095680K
  class space    used 6501K, capacity 7177K, committed 7296K, reserved 1048576K
GC Heap History (10 events):
Event: 1.599 GC heap before
{Heap before GC invocations=1 (full 0):
 garbage-first heap   total 262144K, used 27916K [0x0000000701200000, 0x0000000800000000)
  region size 1024K, 22 young (22528K), 3 survivors (3072K)
 Metaspace       used 16929K, capacity 17412K, committed 17536K, reserved 1064960K
  class space    used 1868K, capacity 2061K, committed 2176K, reserved 1048576K
}
Event: 1.603 GC heap after
{Heap after GC invocations=2 (full 0):
 garbage-first heap   total 262144K, used 9472K [0x0000000701200000, 0x0000000800000000)
  region size 1024K, 2 young (2048K), 2 survivors (2048K)
 Metaspace       used 16929K, capacity 17412K, committed 17536K, reserved 1064960K
  class space    used 1868K, capacity 2061K, committed 2176K, reserved 1048576K
}
Event: 1.873 GC heap before
{Heap before GC invocations=2 (full 0):
 garbage-first heap   total 262144K, used 30976K [0x0000000701200000, 0x0000000800000000)
  region size 1024K, 25 young (25600K), 2 survivors (2048K)
 Metaspace       used 20494K, capacity 21179K, committed 21296K, reserved 1069056K
  class space    used 2399K, capacity 2688K, committed 2688K, reserved 1048576K
}
Event: 1.876 GC heap after
{Heap after GC invocations=3 (full 0):
 garbage-first heap   total 262144K, used 10364K [0x0000000701200000, 0x0000000800000000)
  region size 1024K, 2 young (2048K), 2 survivors (2048K)
 Metaspace       used 20494K, capacity 21179K, committed 21296K, reserved 1069056K
  class space    used 2399K, capacity 2688K, committed 2688K, reserved 1048576K
}
Event: 2.556 GC heap before
{Heap before GC invocations=4 (full 0):
 garbage-first heap   total 262144K, used 92284K [0x0000000701200000, 0x0000000800000000)
  region size 1024K, 83 young (84992K), 2 survivors (2048K)
 Metaspace       used 28383K, capacity 29385K, committed 29488K, reserved 1075200K
  class space    used 3542K, capacity 3913K, committed 3968K, reserved 1048576K
}
Event: 2.561 GC heap after
{Heap after GC invocations=5 (full 0):
 garbage-first heap   total 262144K, used 13982K [0x0000000701200000, 0x0000000800000000)
  region size 1024K, 6 young (6144K), 6 survivors (6144K)
 Metaspace       used 28383K, capacity 29385K, committed 29488K, reserved 1075200K
  class space    used 3542K, capacity 3913K, committed 3968K, reserved 1048576K
}
Event: 3.327 GC heap before
{Heap before GC invocations=5 (full 0):
 garbage-first heap   total 262144K, used 97950K [0x0000000701200000, 0x0000000800000000)
  region size 1024K, 89 young (91136K), 6 survivors (6144K)
 Metaspace       used 34323K, capacity 35513K, committed 35632K, reserved 1079296K
  class space    used 4401K, capacity 4883K, committed 4992K, reserved 1048576K
}
Event: 3.335 GC heap after
{Heap after GC invocations=6 (full 0):
 garbage-first heap   total 262144K, used 18063K [0x0000000701200000, 0x0000000800000000)
  region size 1024K, 10 young (10240K), 10 survivors (10240K)
 Metaspace       used 34323K, capacity 35513K, committed 35632K, reserved 1079296K
  class space    used 4401K, capacity 4883K, committed 4992K, reserved 1048576K
}
Event: 44.371 GC heap before
{Heap before GC invocations=7 (full 0):
 garbage-first heap   total 262144K, used 164495K [0x0000000701200000, 0x0000000800000000)
  region size 1024K, 153 young (156672K), 10 survivors (10240K)
 Metaspace       used 49290K, capacity 50997K, committed 51248K, reserved 1093632K
  class space    used 6246K, capacity 6929K, committed 7040K, reserved 1048576K
}
Event: 44.384 GC heap after
{Heap after GC invocations=8 (full 0):
 garbage-first heap   total 262144K, used 26829K [0x0000000701200000, 0x0000000800000000)
  region size 1024K, 18 young (18432K), 18 survivors (18432K)
 Metaspace       used 49290K, capacity 50997K, committed 51248K, reserved 1093632K
  class space    used 6246K, capacity 6929K, committed 7040K, reserved 1048576K
}

