# JRE version: Java(TM) SE Runtime Environment 18.9 (11.0.19+9) (build 11.0.19+9-LTS-224)
# Java VM: Java HotSpot(TM) 64-Bit Server VM 18.9 (11.0.19+9-LTS-224, mixed mode, tiered, compressed oops, g1 gc, windows-amd64)
Heap:
 garbage-first heap   total 262144K, used 56862K [0x0000000701200000, 0x0000000800000000)
  region size 1024K, 51 young (52224K), 5 survivors (5120K)
 Metaspace       used 31294K, capacity 32262K, committed 32432K, reserved 1077248K
  class space    used 3676K, capacity 4084K, committed 4096K, reserved 1048576K
GC Heap History (6 events):
Event: 1.891 GC heap before
{Heap before GC invocations=0 (full 0):
 garbage-first heap   total 262144K, used 23552K [0x0000000701200000, 0x0000000800000000)
  region size 1024K, 24 young (24576K), 0 survivors (0K)
 Metaspace       used 12149K, capacity 12554K, committed 12672K, reserved 1060864K
  class space    used 1219K, capacity 1361K, committed 1408K, reserved 1048576K
}
Event: 2.038 GC heap after
{Heap after GC invocations=1 (full 0):
 garbage-first heap   total 262144K, used 6291K [0x0000000701200000, 0x0000000800000000)
  region size 1024K, 3 young (3072K), 3 survivors (3072K)
 Metaspace       used 12149K, capacity 12554K, committed 12672K, reserved 1060864K
  class space    used 1219K, capacity 1361K, committed 1408K, reserved 1048576K
}
Event: 4.600 GC heap before
{Heap before GC invocations=1 (full 0):
 garbage-first heap   total 262144K, used 58515K [0x0000000701200000, 0x0000000800000000)
  region size 1024K, 55 young (56320K), 3 survivors (3072K)
 Metaspace       used 20442K, capacity 21124K, committed 21296K, reserved 1069056K
  class space    used 2291K, capacity 2577K, committed 2688K, reserved 1048576K
}
Event: 4.621 GC heap after
{Heap after GC invocations=2 (full 0):
 garbage-first heap   total 262144K, used 8242K [0x0000000701200000, 0x0000000800000000)
  region size 1024K, 5 young (5120K), 5 survivors (5120K)
 Metaspace       used 20442K, capacity 21124K, committed 21296K, reserved 1069056K
  class space    used 2291K, capacity 2577K, committed 2688K, reserved 1048576K
}
Event: 8.287 GC heap before
{Heap before GC invocations=3 (full 0):
 garbage-first heap   total 262144K, used 60466K [0x0000000701200000, 0x0000000800000000)
  region size 1024K, 57 young (58368K), 5 survivors (5120K)
 Metaspace       used 28352K, capacity 29283K, committed 29488K, reserved 1075200K
  class space    used 3297K, capacity 3669K, committed 3712K, reserved 1048576K
}
Event: 8.294 GC heap after
{Heap after GC invocations=4 (full 0):
 garbage-first heap   total 262144K, used 10782K [0x0000000701200000, 0x0000000800000000)
  region size 1024K, 5 young (5120K), 5 survivors (5120K)
 Metaspace       used 28352K, capacity 29283K, committed 29488K, reserved 1075200K
  class space    used 3297K, capacity 3669K, committed 3712K, reserved 1048576K
}

