# JRE version: Java(TM) SE Runtime Environment 18.9 (11.0.19+9) (build 11.0.19+9-LTS-224)
# Java VM: Java HotSpot(TM) 64-Bit Server VM 18.9 (11.0.19+9-LTS-224, mixed mode, tiered, compressed oops, g1 gc, windows-amd64)
Heap:
 garbage-first heap   total 262144K, used 112125K [0x0000000701200000, 0x0000000800000000)
  region size 1024K, 105 young (107520K), 9 survivors (9216K)
 Metaspace       used 46239K, capacity 47677K, committed 47952K, reserved 1091584K
  class space    used 5465K, capacity 6050K, committed 6144K, reserved 1048576K
GC Heap History (10 events):
Event: 3.757 GC heap before
{Heap before GC invocations=0 (full 0):
 garbage-first heap   total 262144K, used 24576K [0x0000000701200000, 0x0000000800000000)
  region size 1024K, 24 young (24576K), 0 survivors (0K)
 Metaspace       used 12324K, capacity 12747K, committed 12928K, reserved 1060864K
  class space    used 1252K, capacity 1379K, committed 1408K, reserved 1048576K
}
Event: 3.841 GC heap after
{Heap after GC invocations=1 (full 0):
 garbage-first heap   total 262144K, used 6299K [0x0000000701200000, 0x0000000800000000)
  region size 1024K, 3 young (3072K), 3 survivors (3072K)
 Metaspace       used 12324K, capacity 12747K, committed 12928K, reserved 1060864K
  class space    used 1252K, capacity 1379K, committed 1408K, reserved 1048576K
}
Event: 6.653 GC heap before
{Heap before GC invocations=1 (full 0):
 garbage-first heap   total 262144K, used 59547K [0x0000000701200000, 0x0000000800000000)
  region size 1024K, 56 young (57344K), 3 survivors (3072K)
 Metaspace       used 20474K, capacity 21139K, committed 21296K, reserved 1069056K
  class space    used 2299K, capacity 2577K, committed 2688K, reserved 1048576K
}
Event: 6.663 GC heap after
{Heap after GC invocations=2 (full 0):
 garbage-first heap   total 262144K, used 8399K [0x0000000701200000, 0x0000000800000000)
  region size 1024K, 6 young (6144K), 6 survivors (6144K)
 Metaspace       used 20474K, capacity 21139K, committed 21296K, reserved 1069056K
  class space    used 2299K, capacity 2577K, committed 2688K, reserved 1048576K
}
Event: 9.935 GC heap before
{Heap before GC invocations=3 (full 0):
 garbage-first heap   total 262144K, used 60623K [0x0000000701200000, 0x0000000800000000)
  region size 1024K, 58 young (59392K), 6 survivors (6144K)
 Metaspace       used 28299K, capacity 29235K, committed 29488K, reserved 1075200K
  class space    used 3292K, capacity 3669K, committed 3712K, reserved 1048576K
}
Event: 9.941 GC heap after
{Heap after GC invocations=4 (full 0):
 garbage-first heap   total 262144K, used 10845K [0x0000000701200000, 0x0000000800000000)
  region size 1024K, 5 young (5120K), 5 survivors (5120K)
 Metaspace       used 28299K, capacity 29235K, committed 29488K, reserved 1075200K
  class space    used 3292K, capacity 3669K, committed 3712K, reserved 1048576K
}
Event: 12.799 GC heap before
{Heap before GC invocations=4 (full 0):
 garbage-first heap   total 262144K, used 85597K [0x0000000701200000, 0x0000000800000000)
  region size 1024K, 79 young (80896K), 5 survivors (5120K)
 Metaspace       used 33602K, capacity 34706K, committed 34864K, reserved 1079296K
  class space    used 3970K, capacity 4433K, committed 4480K, reserved 1048576K
}
Event: 12.806 GC heap after
{Heap after GC invocations=5 (full 0):
 garbage-first heap   total 262144K, used 13662K [0x0000000701200000, 0x0000000800000000)
  region size 1024K, 8 young (8192K), 8 survivors (8192K)
 Metaspace       used 33602K, capacity 34706K, committed 34864K, reserved 1079296K
  class space    used 3970K, capacity 4433K, committed 4480K, reserved 1048576K
}
Event: 13.284 GC heap before
{Heap before GC invocations=5 (full 0):
 garbage-first heap   total 262144K, used 27998K [0x0000000701200000, 0x0000000800000000)
  region size 1024K, 23 young (23552K), 8 survivors (8192K)
 Metaspace       used 34746K, capacity 35863K, committed 35920K, reserved 1081344K
  class space    used 4126K, capacity 4607K, committed 4608K, reserved 1048576K
}
Event: 13.293 GC heap after
{Heap after GC invocations=6 (full 0):
 garbage-first heap   total 262144K, used 14845K [0x0000000701200000, 0x0000000800000000)
  region size 1024K, 9 young (9216K), 9 survivors (9216K)
 Metaspace       used 34746K, capacity 35863K, committed 35920K, reserved 1081344K
  class space    used 4126K, capacity 4607K, committed 4608K, reserved 1048576K
}

